<component name="libraryTable">
  <library name="junit-4.13">
    <CLASSES>
      <root url="jar://$USER_HOME$/Documents/שנה ג'/סמסטר ו'/הכנה לפרויקט/junit-4.13.jar!/" />
    </CLASSES>
    <JAVADOC />
    <SOURCES />
  </library>
</component>